<?xml version="1.0" encoding="UTF-8"?>
<!-- Generated by org.testng.reporters.JUnitXMLReporter -->
<testsuite ignored="0" hostname="LAPTOP-JVDTR4JM" failures="0" tests="3" name="Default test" time="9.502" errors="0" timestamp="2024-11-27T13:05:17 IST">
  <testcase classname="Git_Project_example.Git_Example" name="Setup" time="1.751"/>
  <testcase classname="Git_Project_example.Git_Example" name="Login" time="1.931"/>
  <testcase classname="Git_Project_example.Git_Example" name="Desktop" time="5.745"/>
</testsuite> <!-- Default test -->
